# JRE version: Java(TM) SE Runtime Environment (8.0_191-b12) (build 1.8.0_191-b12)
# Java VM: Java HotSpot(TM) 64-Bit Server VM (25.191-b12 mixed mode linux-amd64 compressed oops)
Heap:
 PSYoungGen      total 117760K, used 95363K [0x00000000d6700000, 0x00000000def80000, 0x0000000100000000)
  eden space 114176K, 80% used [0x00000000d6700000,0x00000000dc0c4548,0x00000000dd680000)
  from space 3584K, 96% used [0x00000000dec00000,0x00000000def5c9a8,0x00000000def80000)
  to   space 5120K, 0% used [0x00000000de580000,0x00000000de580000,0x00000000dea80000)
 ParOldGen       total 48640K, used 5141K [0x0000000083400000, 0x0000000086380000, 0x00000000d6700000)
  object space 48640K, 10% used [0x0000000083400000,0x0000000083905480,0x0000000086380000)
 Metaspace       used 25801K, capacity 26928K, committed 27008K, reserved 1073152K
  class space    used 3166K, capacity 3405K, committed 3456K, reserved 1048576K
GC Heap History (10 events):
Event: 1,234 GC heap before
{Heap before GC invocations=1 (full 0):
 PSYoungGen      total 37888K, used 32768K [0x00000000d6700000, 0x00000000d9100000, 0x0000000100000000)
  eden space 32768K, 100% used [0x00000000d6700000,0x00000000d8700000,0x00000000d8700000)
  from space 5120K, 0% used [0x00000000d8c00000,0x00000000d8c00000,0x00000000d9100000)
  to   space 5120K, 0% used [0x00000000d8700000,0x00000000d8700000,0x00000000d8c00000)
 ParOldGen       total 86016K, used 0K [0x0000000083400000, 0x0000000088800000, 0x00000000d6700000)
  object space 86016K, 0% used [0x0000000083400000,0x0000000083400000,0x0000000088800000)
 Metaspace       used 10965K, capacity 11130K, committed 11392K, reserved 1058816K
  class space    used 1285K, capacity 1345K, committed 1408K, reserved 1048576K
Event: 1,247 GC heap after
Heap after GC invocations=1 (full 0):
 PSYoungGen      total 37888K, used 5117K [0x00000000d6700000, 0x00000000db100000, 0x0000000100000000)
  eden space 32768K, 0% used [0x00000000d6700000,0x00000000d6700000,0x00000000d8700000)
  from space 5120K, 99% used [0x00000000d8700000,0x00000000d8bff4a8,0x00000000d8c00000)
  to   space 5120K, 0% used [0x00000000dac00000,0x00000000dac00000,0x00000000db100000)
 ParOldGen       total 86016K, used 399K [0x0000000083400000, 0x0000000088800000, 0x00000000d6700000)
  object space 86016K, 0% used [0x0000000083400000,0x0000000083463e60,0x0000000088800000)
 Metaspace       used 10965K, capacity 11130K, committed 11392K, reserved 1058816K
  class space    used 1285K, capacity 1345K, committed 1408K, reserved 1048576K
}
Event: 1,778 GC heap before
{Heap before GC invocations=2 (full 0):
 PSYoungGen      total 37888K, used 37885K [0x00000000d6700000, 0x00000000db100000, 0x0000000100000000)
  eden space 32768K, 100% used [0x00000000d6700000,0x00000000d8700000,0x00000000d8700000)
  from space 5120K, 99% used [0x00000000d8700000,0x00000000d8bff4a8,0x00000000d8c00000)
  to   space 5120K, 0% used [0x00000000dac00000,0x00000000dac00000,0x00000000db100000)
 ParOldGen       total 86016K, used 399K [0x0000000083400000, 0x0000000088800000, 0x00000000d6700000)
  object space 86016K, 0% used [0x0000000083400000,0x0000000083463e60,0x0000000088800000)
 Metaspace       used 19795K, capacity 20044K, committed 20352K, reserved 1067008K
  class space    used 2500K, capacity 2586K, committed 2688K, reserved 1048576K
Event: 1,789 GC heap after
Heap after GC invocations=2 (full 0):
 PSYoungGen      total 70656K, used 5104K [0x00000000d6700000, 0x00000000db100000, 0x0000000100000000)
  eden space 65536K, 0% used [0x00000000d6700000,0x00000000d6700000,0x00000000da700000)
  from space 5120K, 99% used [0x00000000dac00000,0x00000000db0fc100,0x00000000db100000)
  to   space 5120K, 0% used [0x00000000da700000,0x00000000da700000,0x00000000dac00000)
 ParOldGen       total 86016K, used 3270K [0x0000000083400000, 0x0000000088800000, 0x00000000d6700000)
  object space 86016K, 3% used [0x0000000083400000,0x00000000837319a8,0x0000000088800000)
 Metaspace       used 19795K, capacity 20044K, committed 20352K, reserved 1067008K
  class space    used 2500K, capacity 2586K, committed 2688K, reserved 1048576K
}
Event: 1,839 GC heap before
{Heap before GC invocations=3 (full 0):
 PSYoungGen      total 70656K, used 12025K [0x00000000d6700000, 0x00000000db100000, 0x0000000100000000)
  eden space 65536K, 10% used [0x00000000d6700000,0x00000000d6dc2300,0x00000000da700000)
  from space 5120K, 99% used [0x00000000dac00000,0x00000000db0fc100,0x00000000db100000)
  to   space 5120K, 0% used [0x00000000da700000,0x00000000da700000,0x00000000dac00000)
 ParOldGen       total 86016K, used 3270K [0x0000000083400000, 0x0000000088800000, 0x00000000d6700000)
  object space 86016K, 3% used [0x0000000083400000,0x00000000837319a8,0x0000000088800000)
 Metaspace       used 20795K, capacity 21068K, committed 21296K, reserved 1069056K
  class space    used 2618K, capacity 2687K, committed 2688K, reserved 1048576K
Event: 1,850 GC heap after
Heap after GC invocations=3 (full 0):
 PSYoungGen      total 70656K, used 5088K [0x00000000d6700000, 0x00000000df100000, 0x0000000100000000)
  eden space 65536K, 0% used [0x00000000d6700000,0x00000000d6700000,0x00000000da700000)
  from space 5120K, 99% used [0x00000000da700000,0x00000000dabf8130,0x00000000dac00000)
  to   space 5120K, 0% used [0x00000000dec00000,0x00000000dec00000,0x00000000df100000)
 ParOldGen       total 86016K, used 3463K [0x0000000083400000, 0x0000000088800000, 0x00000000d6700000)
  object space 86016K, 4% used [0x0000000083400000,0x0000000083761dc0,0x0000000088800000)
 Metaspace       used 20795K, capacity 21068K, committed 21296K, reserved 1069056K
  class space    used 2618K, capacity 2687K, committed 2688K, reserved 1048576K
}
Event: 1,850 GC heap before
{Heap before GC invocations=4 (full 1):
 PSYoungGen      total 70656K, used 5088K [0x00000000d6700000, 0x00000000df100000, 0x0000000100000000)
  eden space 65536K, 0% used [0x00000000d6700000,0x00000000d6700000,0x00000000da700000)
  from space 5120K, 99% used [0x00000000da700000,0x00000000dabf8130,0x00000000dac00000)
  to   space 5120K, 0% used [0x00000000dec00000,0x00000000dec00000,0x00000000df100000)
 ParOldGen       total 86016K, used 3463K [0x0000000083400000, 0x0000000088800000, 0x00000000d6700000)
  object space 86016K, 4% used [0x0000000083400000,0x0000000083761dc0,0x0000000088800000)
 Metaspace       used 20795K, capacity 21068K, committed 21296K, reserved 1069056K
  class space    used 2618K, capacity 2687K, committed 2688K, reserved 1048576K
Event: 1,884 GC heap after
Heap after GC invocations=4 (full 1):
 PSYoungGen      total 70656K, used 0K [0x00000000d6700000, 0x00000000df100000, 0x0000000100000000)
  eden space 65536K, 0% used [0x00000000d6700000,0x00000000d6700000,0x00000000da700000)
  from space 5120K, 0% used [0x00000000da700000,0x00000000da700000,0x00000000dac00000)
  to   space 5120K, 0% used [0x00000000dec00000,0x00000000dec00000,0x00000000df100000)
 ParOldGen       total 48640K, used 5133K [0x0000000083400000, 0x0000000086380000, 0x00000000d6700000)
  object space 48640K, 10% used [0x0000000083400000,0x0000000083903480,0x0000000086380000)
 Metaspace       used 20795K, capacity 21068K, committed 21296K, reserved 1069056K
  class space    used 2618K, capacity 2687K, committed 2688K, reserved 1048576K
}
Event: 9,708 GC heap before
{Heap before GC invocations=5 (full 1):
 PSYoungGen      total 70656K, used 65536K [0x00000000d6700000, 0x00000000df100000, 0x0000000100000000)
  eden space 65536K, 100% used [0x00000000d6700000,0x00000000da700000,0x00000000da700000)
  from space 5120K, 0% used [0x00000000da700000,0x00000000da700000,0x00000000dac00000)
  to   space 5120K, 0% used [0x00000000dec00000,0x00000000dec00000,0x00000000df100000)
 ParOldGen       total 48640K, used 5133K [0x0000000083400000, 0x0000000086380000, 0x00000000d6700000)
  object space 48640K, 10% used [0x0000000083400000,0x0000000083903480,0x0000000086380000)
 Metaspace       used 24935K, capacity 25746K, committed 25856K, reserved 1071104K
  class space    used 3095K, capacity 3278K, committed 3328K, reserved 1048576K
Event: 9,718 GC heap after
Heap after GC invocations=5 (full 1):
 PSYoungGen      total 117760K, used 3442K [0x00000000d6700000, 0x00000000def80000, 0x0000000100000000)
  eden space 114176K, 0% used [0x00000000d6700000,0x00000000d6700000,0x00000000dd680000)
  from space 3584K, 96% used [0x00000000dec00000,0x00000000def5c9a8,0x00000000def80000)
  to   space 5120K, 0% used [0x00000000de580000,0x00000000de580000,0x00000000dea80000)
 ParOldGen       total 48640K, used 5141K [0x0000000083400000, 0x0000000086380000, 0x00000000d6700000)
  object space 48640K, 10% used [0x0000000083400000,0x0000000083905480,0x0000000086380000)
 Metaspace       used 24935K, capacity 25746K, committed 25856K, reserved 1071104K
  class space    used 3095K, capacity 3278K, committed 3328K, reserved 1048576K
}

