# JRE version: Java(TM) SE Runtime Environment (8.0_191-b12) (build 1.8.0_191-b12)
# Java VM: Java HotSpot(TM) 64-Bit Server VM (25.191-b12 mixed mode linux-amd64 compressed oops)
Heap:
 PSYoungGen      total 85504K, used 11131K [0x00000000d6700000, 0x00000000dd580000, 0x0000000100000000)
  eden space 76288K, 10% used [0x00000000d6700000,0x00000000d6e76d68,0x00000000db180000)
  from space 9216K, 37% used [0x00000000dba80000,0x00000000dbde8000,0x00000000dc380000)
  to   space 9216K, 0% used [0x00000000db180000,0x00000000db180000,0x00000000dba80000)
 ParOldGen       total 54272K, used 5181K [0x0000000083400000, 0x0000000086900000, 0x00000000d6700000)
  object space 54272K, 9% used [0x0000000083400000,0x000000008390f630,0x0000000086900000)
 Metaspace       used 25777K, capacity 26864K, committed 27008K, reserved 1073152K
  class space    used 3165K, capacity 3405K, committed 3456K, reserved 1048576K
GC Heap History (10 events):
Event: 1,343 GC heap before
{Heap before GC invocations=3 (full 0):
 PSYoungGen      total 37888K, used 11149K [0x00000000d6700000, 0x00000000db100000, 0x0000000100000000)
  eden space 32768K, 18% used [0x00000000d6700000,0x00000000d6ce55c0,0x00000000d8700000)
  from space 5120K, 99% used [0x00000000d8c00000,0x00000000d90fe080,0x00000000d9100000)
  to   space 5120K, 0% used [0x00000000d8700000,0x00000000d8700000,0x00000000d8c00000)
 ParOldGen       total 86016K, used 3345K [0x0000000083400000, 0x0000000088800000, 0x00000000d6700000)
  object space 86016K, 3% used [0x0000000083400000,0x0000000083744400,0x0000000088800000)
 Metaspace       used 20841K, capacity 21042K, committed 21248K, reserved 1067008K
  class space    used 2630K, capacity 2720K, committed 2816K, reserved 1048576K
Event: 1,348 GC heap after
Heap after GC invocations=3 (full 0):
 PSYoungGen      total 37888K, used 5114K [0x00000000d6700000, 0x00000000db100000, 0x0000000100000000)
  eden space 32768K, 0% used [0x00000000d6700000,0x00000000d6700000,0x00000000d8700000)
  from space 5120K, 99% used [0x00000000d8700000,0x00000000d8bfe9c0,0x00000000d8c00000)
  to   space 5120K, 0% used [0x00000000dac00000,0x00000000dac00000,0x00000000db100000)
 ParOldGen       total 86016K, used 3565K [0x0000000083400000, 0x0000000088800000, 0x00000000d6700000)
  object space 86016K, 4% used [0x0000000083400000,0x000000008377b630,0x0000000088800000)
 Metaspace       used 20841K, capacity 21042K, committed 21248K, reserved 1067008K
  class space    used 2630K, capacity 2720K, committed 2816K, reserved 1048576K
}
Event: 1,348 GC heap before
{Heap before GC invocations=4 (full 1):
 PSYoungGen      total 37888K, used 5114K [0x00000000d6700000, 0x00000000db100000, 0x0000000100000000)
  eden space 32768K, 0% used [0x00000000d6700000,0x00000000d6700000,0x00000000d8700000)
  from space 5120K, 99% used [0x00000000d8700000,0x00000000d8bfe9c0,0x00000000d8c00000)
  to   space 5120K, 0% used [0x00000000dac00000,0x00000000dac00000,0x00000000db100000)
 ParOldGen       total 86016K, used 3565K [0x0000000083400000, 0x0000000088800000, 0x00000000d6700000)
  object space 86016K, 4% used [0x0000000083400000,0x000000008377b630,0x0000000088800000)
 Metaspace       used 20841K, capacity 21042K, committed 21248K, reserved 1067008K
  class space    used 2630K, capacity 2720K, committed 2816K, reserved 1048576K
Event: 1,376 GC heap after
Heap after GC invocations=4 (full 1):
 PSYoungGen      total 37888K, used 0K [0x00000000d6700000, 0x00000000db100000, 0x0000000100000000)
  eden space 32768K, 0% used [0x00000000d6700000,0x00000000d6700000,0x00000000d8700000)
  from space 5120K, 0% used [0x00000000d8700000,0x00000000d8700000,0x00000000d8c00000)
  to   space 5120K, 0% used [0x00000000dac00000,0x00000000dac00000,0x00000000db100000)
 ParOldGen       total 54272K, used 5181K [0x0000000083400000, 0x0000000086900000, 0x00000000d6700000)
  object space 54272K, 9% used [0x0000000083400000,0x000000008390f630,0x0000000086900000)
 Metaspace       used 20841K, capacity 21042K, committed 21248K, reserved 1067008K
  class space    used 2630K, capacity 2720K, committed 2816K, reserved 1048576K
}
Event: 4,021 GC heap before
{Heap before GC invocations=5 (full 1):
 PSYoungGen      total 37888K, used 32768K [0x00000000d6700000, 0x00000000db100000, 0x0000000100000000)
  eden space 32768K, 100% used [0x00000000d6700000,0x00000000d8700000,0x00000000d8700000)
  from space 5120K, 0% used [0x00000000d8700000,0x00000000d8700000,0x00000000d8c00000)
  to   space 5120K, 0% used [0x00000000dac00000,0x00000000dac00000,0x00000000db100000)
 ParOldGen       total 54272K, used 5181K [0x0000000083400000, 0x0000000086900000, 0x00000000d6700000)
  object space 54272K, 9% used [0x0000000083400000,0x000000008390f630,0x0000000086900000)
 Metaspace       used 24386K, capacity 25160K, committed 25344K, reserved 1071104K
  class space    used 3081K, capacity 3257K, committed 3328K, reserved 1048576K
Event: 4,027 GC heap after
Heap after GC invocations=5 (full 1):
 PSYoungGen      total 53760K, used 2298K [0x00000000d6700000, 0x00000000dae80000, 0x0000000100000000)
  eden space 51200K, 0% used [0x00000000d6700000,0x00000000d6700000,0x00000000d9900000)
  from space 2560K, 89% used [0x00000000dac00000,0x00000000dae3e948,0x00000000dae80000)
  to   space 5120K, 0% used [0x00000000da480000,0x00000000da480000,0x00000000da980000)
 ParOldGen       total 54272K, used 5181K [0x0000000083400000, 0x0000000086900000, 0x00000000d6700000)
  object space 54272K, 9% used [0x0000000083400000,0x000000008390f630,0x0000000086900000)
 Metaspace       used 24386K, capacity 25160K, committed 25344K, reserved 1071104K
  class space    used 3081K, capacity 3257K, committed 3328K, reserved 1048576K
}
Event: 12,441 GC heap before
{Heap before GC invocations=6 (full 1):
 PSYoungGen      total 53760K, used 53498K [0x00000000d6700000, 0x00000000dae80000, 0x0000000100000000)
  eden space 51200K, 100% used [0x00000000d6700000,0x00000000d9900000,0x00000000d9900000)
  from space 2560K, 89% used [0x00000000dac00000,0x00000000dae3e948,0x00000000dae80000)
  to   space 5120K, 0% used [0x00000000da480000,0x00000000da480000,0x00000000da980000)
 ParOldGen       total 54272K, used 5181K [0x0000000083400000, 0x0000000086900000, 0x00000000d6700000)
  object space 54272K, 9% used [0x0000000083400000,0x000000008390f630,0x0000000086900000)
 Metaspace       used 25010K, capacity 25874K, committed 26112K, reserved 1073152K
  class space    used 3094K, capacity 3278K, committed 3328K, reserved 1048576K
Event: 12,448 GC heap after
Heap after GC invocations=6 (full 1):
 PSYoungGen      total 68096K, used 2912K [0x00000000d6700000, 0x00000000dc380000, 0x0000000100000000)
  eden space 62976K, 0% used [0x00000000d6700000,0x00000000d6700000,0x00000000da480000)
  from space 5120K, 56% used [0x00000000da480000,0x00000000da758000,0x00000000da980000)
  to   space 9216K, 0% used [0x00000000dba80000,0x00000000dba80000,0x00000000dc380000)
 ParOldGen       total 54272K, used 5181K [0x0000000083400000, 0x0000000086900000, 0x00000000d6700000)
  object space 54272K, 9% used [0x0000000083400000,0x000000008390f630,0x0000000086900000)
 Metaspace       used 25010K, capacity 25874K, committed 26112K, reserved 1073152K
  class space    used 3094K, capacity 3278K, committed 3328K, reserved 1048576K
}
Event: 13,101 GC heap before
{Heap before GC invocations=7 (full 1):
 PSYoungGen      total 68096K, used 65888K [0x00000000d6700000, 0x00000000dc380000, 0x0000000100000000)
  eden space 62976K, 100% used [0x00000000d6700000,0x00000000da480000,0x00000000da480000)
  from space 5120K, 56% used [0x00000000da480000,0x00000000da758000,0x00000000da980000)
  to   space 9216K, 0% used [0x00000000dba80000,0x00000000dba80000,0x00000000dc380000)
 ParOldGen       total 54272K, used 5181K [0x0000000083400000, 0x0000000086900000, 0x00000000d6700000)
  object space 54272K, 9% used [0x0000000083400000,0x000000008390f630,0x0000000086900000)
 Metaspace       used 25755K, capacity 26850K, committed 27008K, reserved 1073152K
  class space    used 3164K, capacity 3404K, committed 3456K, reserved 1048576K
Event: 13,118 GC heap after
Heap after GC invocations=7 (full 1):
 PSYoungGen      total 85504K, used 3488K [0x00000000d6700000, 0x00000000dd580000, 0x0000000100000000)
  eden space 76288K, 0% used [0x00000000d6700000,0x00000000d6700000,0x00000000db180000)
  from space 9216K, 37% used [0x00000000dba80000,0x00000000dbde8000,0x00000000dc380000)
  to   space 9216K, 0% used [0x00000000db180000,0x00000000db180000,0x00000000dba80000)
 ParOldGen       total 54272K, used 5181K [0x0000000083400000, 0x0000000086900000, 0x00000000d6700000)
  object space 54272K, 9% used [0x0000000083400000,0x000000008390f630,0x0000000086900000)
 Metaspace       used 25755K, capacity 26850K, committed 27008K, reserved 1073152K
  class space    used 3164K, capacity 3404K, committed 3456K, reserved 1048576K
}

